#
# There is insufficient memory for the Java Runtime Environment to continue.
# Native memory allocation (malloc) failed to allocate 1879376 bytes for Chunk::new
# Possible reasons:
#   The system is out of physical RAM or swap space
#   In 32 bit mode, the process size limit was hit
# Possible solutions:
#   Reduce memory load on the system
#   Increase physical memory or swap space
#   Check if swap backing store is full
#   Use 64 bit Java on a 64 bit OS
#   Decrease Java heap size (-Xmx/-Xms)
#   Decrease number of Java threads
#   Decrease Java thread stack sizes (-Xss)
#   Set larger code cache with -XX:ReservedCodeCacheSize=
# This output file may be truncated or incomplete.
#
#  Out of Memory Error (allocation.cpp:390), pid=6372, tid=0x00000000000025b4
#
# JRE version: Java(TM) SE Runtime Environment (8.0_121-b13) (build 1.8.0_121-b13)
# Java VM: Java HotSpot(TM) 64-Bit Server VM (25.121-b13 mixed mode windows-amd64 compressed oops)
# Failed to write core dump. Minidumps are not enabled by default on client versions of Windows
#

---------------  T H R E A D  ---------------

Current thread (0x0000000019ec4800):  JavaThread "C2 CompilerThread2" daemon [_thread_in_native, id=9652, stack(0x000000001a880000,0x000000001a980000)]

Stack: [0x000000001a880000,0x000000001a980000]
[error occurred during error reporting (printing stack bounds), id 0xc0000005]

Native frames: (J=compiled Java code, j=interpreted, Vv=VM code, C=native code)


Current CompileTask:
C2:   3002 1021       4       java.net.URLClassLoader$1::run (5 bytes)


---------------  P R O C E S S  ---------------

Java Threads: ( => current thread )
  0x000000001c365800 JavaThread "pool-1-thread-1" [_thread_blocked, id=8972, stack(0x000000001c5d0000,0x000000001c6d0000)]
  0x0000000019f33000 JavaThread "Service Thread" daemon [_thread_blocked, id=2452, stack(0x000000001aa80000,0x000000001ab80000)]
  0x0000000019ecc800 JavaThread "C1 CompilerThread3" daemon [_thread_blocked, id=12184, stack(0x000000001a980000,0x000000001aa80000)]
=>0x0000000019ec4800 JavaThread "C2 CompilerThread2" daemon [_thread_in_native, id=9652, stack(0x000000001a880000,0x000000001a980000)]
  0x0000000019ec2800 JavaThread "C2 CompilerThread1" daemon [_thread_in_native, id=12376, stack(0x000000001a780000,0x000000001a880000)]
  0x0000000019ebf000 JavaThread "C2 CompilerThread0" daemon [_thread_blocked, id=8048, stack(0x000000001a680000,0x000000001a780000)]
  0x0000000019eb7800 JavaThread "Attach Listener" daemon [_thread_blocked, id=6040, stack(0x000000001a580000,0x000000001a680000)]
  0x0000000019eb6000 JavaThread "Signal Dispatcher" daemon [_thread_blocked, id=3984, stack(0x000000001a480000,0x000000001a580000)]
  0x0000000002ff8800 JavaThread "Finalizer" daemon [_thread_blocked, id=8232, stack(0x000000001a290000,0x000000001a390000)]
  0x0000000002ff5000 JavaThread "Reference Handler" daemon [_thread_blocked, id=1876, stack(0x0000000019d90000,0x0000000019e90000)]
  0x000000000308e800 JavaThread "main" [_thread_in_native, id=13100, stack(0x0000000002df0000,0x0000000002ef0000)]

Other Threads:
  0x0000000017fa9800 VMThread [stack: 0x0000000019c90000,0x0000000019d90000] [id=10504]
  0x0000000019f6c800 WatcherThread [stack: 0x000000001ab80000,0x000000001ac80000] [id=4400]

VM state:not at safepoint (normal execution)

VM Mutex/Monitor currently owned by a thread: None

Heap:
 PSYoungGen      total 37888K, used 30879K [0x00000000d6100000, 0x00000000d8b00000, 0x0000000100000000)
  eden space 32768K, 78% used [0x00000000d6100000,0x00000000d7a2a418,0x00000000d8100000)
  from space 5120K, 99% used [0x00000000d8600000,0x00000000d8afd8e0,0x00000000d8b00000)
  to   space 5120K, 0% used [0x00000000d8100000,0x00000000d8100000,0x00000000d8600000)
 ParOldGen       total 86016K, used 345K [0x0000000082200000, 0x0000000087600000, 0x00000000d6100000)
  object space 86016K, 0% used [0x0000000082200000,0x0000000082256668,0x0000000087600000)
 Metaspace       used 16649K, capacity 16932K, committed 17280K, reserved 1064960K
  class space    used 2279K, capacity 2378K, committed 2432K, reserved 1048576K

Card table byte_map: [0x0000000012450000,0x0000000012840000] byte_map_base: 0x000000001203f000

Marking Bits: (ParMarkBitMap*) 0x000000005994b6d0
 Begin Bits: [0x00000000132e0000, 0x0000000015258000)
 End Bits:   [0x0000000015258000, 0x00000000171d0000)

Polling page: 0x0000000001070000

CodeCache: size=245760Kb used=4021Kb max_used=4029Kb free=241738Kb
 bounds [0x0000000003090000, 0x0000000003490000, 0x0000000012090000]
 total_blobs=1439 nmethods=1077 adapters=274
 compilation: enabled

Compilation events (10 events):
Event: 2.460 Thread 0x0000000019ecc800 nmethod 1074 0x000000000347c010 code [0x000000000347c1e0, 0x000000000347c938]
Event: 2.482 Thread 0x0000000019ebf000 nmethod 1073 0x0000000003480790 code [0x0000000003480a20, 0x0000000003481930]
Event: 2.750 Thread 0x0000000019ecc800 1075       3       sun.reflect.ClassFileAssembler::emitByte (11 bytes)
Event: 2.750 Thread 0x0000000019ecc800 nmethod 1075 0x0000000003480110 code [0x0000000003480280, 0x0000000003480448]
Event: 2.750 Thread 0x0000000019ecc800 1076       3       sun.reflect.ByteVectorImpl::add (38 bytes)
Event: 2.750 Thread 0x0000000019ecc800 nmethod 1076 0x000000000347fc50 code [0x000000000347fdc0, 0x000000000347ffe8]
Event: 2.755 Thread 0x0000000019ecc800 1077       3       sun.reflect.ClassFileAssembler::emitShort (24 bytes)
Event: 2.756 Thread 0x0000000019ecc800 nmethod 1077 0x000000000347f590 code [0x000000000347f720, 0x000000000347fa58]
Event: 2.756 Thread 0x0000000019ecc800 1078       3       sun.reflect.ClassFileAssembler::cpi (22 bytes)
Event: 2.756 Thread 0x0000000019ecc800 nmethod 1078 0x000000000347f110 code [0x000000000347f280, 0x000000000347f4c8]

GC Heap History (4 events):
Event: 1.328 GC heap before
{Heap before GC invocations=1 (full 0):
 PSYoungGen      total 37888K, used 32768K [0x00000000d6100000, 0x00000000d8b00000, 0x0000000100000000)
  eden space 32768K, 100% used [0x00000000d6100000,0x00000000d8100000,0x00000000d8100000)
  from space 5120K, 0% used [0x00000000d8600000,0x00000000d8600000,0x00000000d8b00000)
  to   space 5120K, 0% used [0x00000000d8100000,0x00000000d8100000,0x00000000d8600000)
 ParOldGen       total 86016K, used 0K [0x0000000082200000, 0x0000000087600000, 0x00000000d6100000)
  object space 86016K, 0% used [0x0000000082200000,0x0000000082200000,0x0000000087600000)
 Metaspace       used 8505K, capacity 8672K, committed 8960K, reserved 1056768K
  class space    used 1127K, capacity 1184K, committed 1280K, reserved 1048576K
Event: 1.335 GC heap after
Heap after GC invocations=1 (full 0):
 PSYoungGen      total 37888K, used 5091K [0x00000000d6100000, 0x00000000d8b00000, 0x0000000100000000)
  eden space 32768K, 0% used [0x00000000d6100000,0x00000000d6100000,0x00000000d8100000)
  from space 5120K, 99% used [0x00000000d8100000,0x00000000d85f8f50,0x00000000d8600000)
  to   space 5120K, 0% used [0x00000000d8600000,0x00000000d8600000,0x00000000d8b00000)
 ParOldGen       total 86016K, used 8K [0x0000000082200000, 0x0000000087600000, 0x00000000d6100000)
  object space 86016K, 0% used [0x0000000082200000,0x0000000082202000,0x0000000087600000)
 Metaspace       used 8505K, capacity 8672K, committed 8960K, reserved 1056768K
  class space    used 1127K, capacity 1184K, committed 1280K, reserved 1048576K
}
Event: 1.931 GC heap before
{Heap before GC invocations=2 (full 0):
 PSYoungGen      total 37888K, used 37859K [0x00000000d6100000, 0x00000000d8b00000, 0x0000000100000000)
  eden space 32768K, 100% used [0x00000000d6100000,0x00000000d8100000,0x00000000d8100000)
  from space 5120K, 99% used [0x00000000d8100000,0x00000000d85f8f50,0x00000000d8600000)
  to   space 5120K, 0% used [0x00000000d8600000,0x00000000d8600000,0x00000000d8b00000)
 ParOldGen       total 86016K, used 8K [0x0000000082200000, 0x0000000087600000, 0x00000000d6100000)
  object space 86016K, 0% used [0x0000000082200000,0x0000000082202000,0x0000000087600000)
 Metaspace       used 11434K, capacity 11672K, committed 12032K, reserved 1058816K
  class space    used 1592K, capacity 1672K, committed 1792K, reserved 1048576K
Event: 1.937 GC heap after
Heap after GC invocations=2 (full 0):
 PSYoungGen      total 37888K, used 5110K [0x00000000d6100000, 0x00000000d8b00000, 0x0000000100000000)
  eden space 32768K, 0% used [0x00000000d6100000,0x00000000d6100000,0x00000000d8100000)
  from space 5120K, 99% used [0x00000000d8600000,0x00000000d8afd8e0,0x00000000d8b00000)
  to   space 5120K, 0% used [0x00000000d8100000,0x00000000d8100000,0x00000000d8600000)
 ParOldGen       total 86016K, used 345K [0x0000000082200000, 0x0000000087600000, 0x00000000d6100000)
  object space 86016K, 0% used [0x0000000082200000,0x0000000082256668,0x0000000087600000)
 Metaspace       used 11434K, capacity 11672K, committed 12032K, reserved 1058816K
  class space    used 1592K, capacity 1672K, committed 1792K, reserved 1048576K
}

Deoptimization events (10 events):
Event: 1.837 Thread 0x000000000308e800 Uncommon trap: reason=bimorphic action=maybe_recompile pc=0x000000000332b948 method=java.util.HashMap.putVal(ILjava/lang/Object;Ljava/lang/Object;ZZ)Ljava/lang/Object; @ 91
Event: 1.837 Thread 0x000000000308e800 Uncommon trap: reason=bimorphic action=maybe_recompile pc=0x00000000032e7090 method=java.util.HashMap.putVal(ILjava/lang/Object;Ljava/lang/Object;ZZ)Ljava/lang/Object; @ 91
Event: 1.837 Thread 0x000000000308e800 Uncommon trap: reason=bimorphic action=maybe_recompile pc=0x00000000032e2780 method=java.util.HashMap.putVal(ILjava/lang/Object;Ljava/lang/Object;ZZ)Ljava/lang/Object; @ 91
Event: 1.901 Thread 0x000000000308e800 Uncommon trap: reason=unstable_if action=reinterpret pc=0x00000000031f5408 method=java.net.URI.match(CJJ)Z @ 19
Event: 2.362 Thread 0x000000000308e800 Uncommon trap: reason=class_check action=maybe_recompile pc=0x000000000345a3f4 method=org.gradle.internal.service.DefaultServiceRegistry$SingletonService.getService(Lorg/gradle/internal/service/DefaultServiceRegistry$LookupContext;Lorg/gradle/internal/ser
Event: 2.362 Thread 0x000000000308e800 Uncommon trap: reason=class_check action=maybe_recompile pc=0x000000000345a3f4 method=org.gradle.internal.service.DefaultServiceRegistry$SingletonService.getService(Lorg/gradle/internal/service/DefaultServiceRegistry$LookupContext;Lorg/gradle/internal/ser
Event: 2.362 Thread 0x000000000308e800 Uncommon trap: reason=class_check action=maybe_recompile pc=0x000000000345a3f4 method=org.gradle.internal.service.DefaultServiceRegistry$SingletonService.getService(Lorg/gradle/internal/service/DefaultServiceRegistry$LookupContext;Lorg/gradle/internal/ser
Event: 2.362 Thread 0x000000000308e800 Uncommon trap: reason=class_check action=maybe_recompile pc=0x000000000345a3f4 method=org.gradle.internal.service.DefaultServiceRegistry$SingletonService.getService(Lorg/gradle/internal/service/DefaultServiceRegistry$LookupContext;Lorg/gradle/internal/ser
Event: 2.452 Thread 0x000000000308e800 Uncommon trap: reason=unstable_if action=reinterpret pc=0x0000000003327390 method=java.lang.AbstractStringBuilder.append(Ljava/lang/String;)Ljava/lang/AbstractStringBuilder; @ 1
Event: 2.452 Thread 0x000000000308e800 Uncommon trap: reason=unstable_if action=reinterpret pc=0x00000000032acf14 method=java.lang.AbstractStringBuilder.append(Ljava/lang/String;)Ljava/lang/AbstractStringBuilder; @ 1

Internal exceptions (10 events):
Event: 2.169 Thread 0x000000000308e800 Exception <a 'java/lang/ClassNotFoundException': java/lang/ObjectBeanInfo> (0x00000000d6a3cbe0) thrown at [C:\re\workspace\8-2-build-windows-amd64-cygwin\jdk8u121\8372\hotspot\src\share\vm\classfile\systemDictionary.cpp, line 210]
Event: 2.170 Thread 0x000000000308e800 Exception <a 'java/lang/ClassNotFoundException': java/lang/ObjectCustomizer> (0x00000000d6a41d20) thrown at [C:\re\workspace\8-2-build-windows-amd64-cygwin\jdk8u121\8372\hotspot\src\share\vm\classfile\systemDictionary.cpp, line 210]
Event: 2.175 Thread 0x000000000308e800 Exception <a 'java/lang/ClassNotFoundException': groovy/lang/MetaClassImplCustomizer> (0x00000000d6a54710) thrown at [C:\re\workspace\8-2-build-windows-amd64-cygwin\jdk8u121\8372\hotspot\src\share\vm\classfile\systemDictionary.cpp, line 210]
Event: 2.177 Thread 0x000000000308e800 Exception <a 'java/lang/ClassNotFoundException': groovy/lang/ExpandoMetaClassCustomizer> (0x00000000d6a87f38) thrown at [C:\re\workspace\8-2-build-windows-amd64-cygwin\jdk8u121\8372\hotspot\src\share\vm\classfile\systemDictionary.cpp, line 210]
Event: 2.185 Thread 0x000000000308e800 Exception <a 'java/lang/ClassNotFoundException': org/gradle/api/internal/plugins/DefaultExtraPropertiesExtensionBeanInfo> (0x00000000d6b083b8) thrown at [C:\re\workspace\8-2-build-windows-amd64-cygwin\jdk8u121\8372\hotspot\src\share\vm\classfile\systemDic
Event: 2.185 Thread 0x000000000308e800 Exception <a 'java/lang/ClassNotFoundException': groovy/lang/GroovyObjectSupportBeanInfo> (0x00000000d6b141f0) thrown at [C:\re\workspace\8-2-build-windows-amd64-cygwin\jdk8u121\8372\hotspot\src\share\vm\classfile\systemDictionary.cpp, line 210]
Event: 2.185 Thread 0x000000000308e800 Exception <a 'java/lang/ClassNotFoundException': groovy/lang/GroovyObjectSupportCustomizer> (0x00000000d6b203b0) thrown at [C:\re\workspace\8-2-build-windows-amd64-cygwin\jdk8u121\8372\hotspot\src\share\vm\classfile\systemDictionary.cpp, line 210]
Event: 2.186 Thread 0x000000000308e800 Exception <a 'java/lang/ClassNotFoundException': org/gradle/api/internal/plugins/DefaultExtraPropertiesExtensionCustomizer> (0x00000000d6b367f0) thrown at [C:\re\workspace\8-2-build-windows-amd64-cygwin\jdk8u121\8372\hotspot\src\share\vm\classfile\systemD
Event: 2.452 Thread 0x000000000308e800 Implicit null exception at 0x0000000003326fd6 to 0x0000000003327379
Event: 2.452 Thread 0x000000000308e800 Implicit null exception at 0x00000000032acb56 to 0x00000000032acefd

Events (10 events):
Event: 2.751 loading class sun/reflect/Label
Event: 2.751 loading class sun/reflect/Label done
Event: 2.751 loading class sun/reflect/Label$PatchInfo
Event: 2.751 loading class sun/reflect/Label$PatchInfo done
Event: 2.751 loading class sun/reflect/MethodAccessorGenerator$1
Event: 2.751 loading class sun/reflect/MethodAccessorGenerator$1 done
Event: 2.751 loading class sun/reflect/ClassDefiner
Event: 2.751 loading class sun/reflect/ClassDefiner done
Event: 2.751 loading class sun/reflect/ClassDefiner$1
Event: 2.751 loading class sun/reflect/ClassDefiner$1 done


Dynamic libraries:
0x00007ff6cc780000 - 0x00007ff6cc7b7000 	C:\Program Files\Java\jdk1.8.0_121\bin\java.exe
0x00007ffd14830000 - 0x00007ffd14a11000 	C:\WINDOWS\SYSTEM32\ntdll.dll
0x00007ffd12350000 - 0x00007ffd12402000 	C:\WINDOWS\System32\KERNEL32.DLL
0x00007ffd11010000 - 0x00007ffd11283000 	C:\WINDOWS\System32\KERNELBASE.dll
0x00007ffd13a80000 - 0x00007ffd13b21000 	C:\WINDOWS\System32\ADVAPI32.dll
0x00007ffd12070000 - 0x00007ffd1210e000 	C:\WINDOWS\System32\msvcrt.dll
0x00007ffd147a0000 - 0x00007ffd147fb000 	C:\WINDOWS\System32\sechost.dll
0x00007ffd11f30000 - 0x00007ffd12054000 	C:\WINDOWS\System32\RPCRT4.dll
0x00007ffd14510000 - 0x00007ffd146a0000 	C:\WINDOWS\System32\USER32.dll
0x00007ffd10c00000 - 0x00007ffd10c20000 	C:\WINDOWS\System32\win32u.dll
0x00007ffd13b30000 - 0x00007ffd13b58000 	C:\WINDOWS\System32\GDI32.dll
0x00007ffd11b20000 - 0x00007ffd11cb2000 	C:\WINDOWS\System32\gdi32full.dll
0x00007ffd10e70000 - 0x00007ffd10f0f000 	C:\WINDOWS\System32\msvcp_win.dll
0x00007ffd10f10000 - 0x00007ffd1100a000 	C:\WINDOWS\System32\ucrtbase.dll
0x00007ffd03dc0000 - 0x00007ffd04029000 	C:\WINDOWS\WinSxS\amd64_microsoft.windows.common-controls_6595b64144ccf1df_6.0.17134.48_none_b4b2216a3cb4dd3e\COMCTL32.dll
0x00007ffd13cc0000 - 0x00007ffd13fe3000 	C:\WINDOWS\System32\combase.dll
0x00007ffd11aa0000 - 0x00007ffd11b1a000 	C:\WINDOWS\System32\bcryptPrimitives.dll
0x00007ffd14440000 - 0x00007ffd1446d000 	C:\WINDOWS\System32\IMM32.DLL
0x000000005a0a0000 - 0x000000005a172000 	C:\Program Files\Java\jdk1.8.0_121\jre\bin\msvcr100.dll
0x0000000059130000 - 0x00000000599cb000 	C:\Program Files\Java\jdk1.8.0_121\jre\bin\server\jvm.dll
0x00007ffd12060000 - 0x00007ffd12068000 	C:\WINDOWS\System32\PSAPI.DLL
0x00007ffd049a0000 - 0x00007ffd049aa000 	C:\WINDOWS\SYSTEM32\VERSION.dll
0x00007ffd02d90000 - 0x00007ffd02db3000 	C:\WINDOWS\SYSTEM32\WINMM.dll
0x00007ffd0f740000 - 0x00007ffd0f749000 	C:\WINDOWS\SYSTEM32\WSOCK32.dll
0x00007ffd13bc0000 - 0x00007ffd13c2c000 	C:\WINDOWS\System32\WS2_32.dll
0x00007ffd02d60000 - 0x00007ffd02d8a000 	C:\WINDOWS\SYSTEM32\WINMMBASE.dll
0x00007ffd11a50000 - 0x00007ffd11a99000 	C:\WINDOWS\System32\cfgmgr32.dll
0x000000005a090000 - 0x000000005a09f000 	C:\Program Files\Java\jdk1.8.0_121\jre\bin\verify.dll
0x000000005a060000 - 0x000000005a089000 	C:\Program Files\Java\jdk1.8.0_121\jre\bin\java.dll
0x000000005a040000 - 0x000000005a056000 	C:\Program Files\Java\jdk1.8.0_121\jre\bin\zip.dll
0x00007ffd124c0000 - 0x00007ffd13900000 	C:\WINDOWS\System32\SHELL32.dll
0x00007ffd12410000 - 0x00007ffd124b9000 	C:\WINDOWS\System32\shcore.dll
0x00007ffd11340000 - 0x00007ffd11a4d000 	C:\WINDOWS\System32\windows.storage.dll
0x00007ffd122f0000 - 0x00007ffd12341000 	C:\WINDOWS\System32\shlwapi.dll
0x00007ffd10b80000 - 0x00007ffd10b91000 	C:\WINDOWS\System32\kernel.appcore.dll
0x00007ffd10b60000 - 0x00007ffd10b7f000 	C:\WINDOWS\System32\profapi.dll
0x00007ffd10bb0000 - 0x00007ffd10bfc000 	C:\WINDOWS\System32\powrprof.dll
0x00007ffd10ba0000 - 0x00007ffd10baa000 	C:\WINDOWS\System32\FLTLIB.DLL
0x000000005a020000 - 0x000000005a03a000 	C:\Program Files\Java\jdk1.8.0_121\jre\bin\net.dll
0x00007ffd103c0000 - 0x00007ffd10426000 	C:\WINDOWS\system32\mswsock.dll
0x000000005a000000 - 0x000000005a011000 	C:\Program Files\Java\jdk1.8.0_121\jre\bin\nio.dll
0x00007ffd03cc0000 - 0x00007ffd03cd2000 	C:\Users\Andrew\.gradle\native\19\windows-amd64\native-platform.dll
0x0000000180000000 - 0x0000000180037000 	C:\Users\Andrew\.gradle\native\jna\win32-amd64\jnidispatch.dll
0x00007ffd10570000 - 0x00007ffd10587000 	C:\WINDOWS\SYSTEM32\CRYPTSP.dll
0x00007ffd0ffa0000 - 0x00007ffd0ffd3000 	C:\WINDOWS\system32\rsaenh.dll
0x00007ffd106a0000 - 0x00007ffd106c5000 	C:\WINDOWS\SYSTEM32\bcrypt.dll
0x00007ffd10a40000 - 0x00007ffd10a68000 	C:\WINDOWS\SYSTEM32\USERENV.dll
0x00007ffd10590000 - 0x00007ffd1059b000 	C:\WINDOWS\SYSTEM32\CRYPTBASE.dll
0x00007ffd10140000 - 0x00007ffd10178000 	C:\WINDOWS\SYSTEM32\IPHLPAPI.DLL
0x00007ffd14790000 - 0x00007ffd14798000 	C:\WINDOWS\System32\NSI.dll
0x00007ffd09ad0000 - 0x00007ffd09ae6000 	C:\WINDOWS\SYSTEM32\dhcpcsvc6.DLL
0x00007ffd09930000 - 0x00007ffd0994a000 	C:\WINDOWS\SYSTEM32\dhcpcsvc.DLL
0x0000000059ff0000 - 0x0000000059ffd000 	C:\Program Files\Java\jdk1.8.0_121\jre\bin\management.dll

VM Arguments:
jvm_args: -Dorg.gradle.appname=gradlew 
java_command: org.gradle.wrapper.GradleWrapperMain installDebug
java_class_path (initial): c:\Dev\Apps\Choosicles\android\\gradle\wrapper\gradle-wrapper.jar
Launcher Type: SUN_STANDARD

Environment Variables:
JAVA_HOME=C:\Program Files\Java\jdk1.8.0_121
CLASSPATH=c:\Dev\Apps\Choosicles\android\\gradle\wrapper\gradle-wrapper.jar
PATH=c:\programdata\oracle\java\javapath;c:\python27\;c:\python27\scripts;c:\windows\system32;c:\windows;c:\windows\system32\wbem;c:\windows\system32\windowspowershell\v1.0\;c:\users\andrew\.dnx\bin;c:\program files\microsoft dnx\dnvm\;c:\program files\microsoft sql server\130\tools\binn\;c:\program files\microsoft sql server\client sdk\odbc\130\tools\binn\;c:\program files (x86)\microsoft sql server\130\tools\binn\;c:\program files\microsoft sql server\130\dts\binn\;c:\program files (x86)\microsoft sql server\client sdk\odbc\130\tools\binn\;c:\program files (x86)\microsoft sql server\130\dts\binn\;c:\program files (x86)\microsoft sql server\130\tools\binn\managementstudio\;c:\program files\git\cmd;c:\program files (x86)\microsoft sql server\110\dts\binn\;c:\program files (x86)\microsoft sql server\120\dts\binn\;c:\program files\microsoft\web platform installer\;c:\program files\dotnet\;c:\programdata\chocolatey\bin;c:\program files\nodejs\;c:\users\andrew\appdata\local\android\sdk\platform-tools;c:\program files (x86)\microsoft emulator manager\1.0\;C:\WINDOWS\system32;C:\WINDOWS;C:\WINDOWS\system32\wbem;C:\WINDOWS\system32\windowspowershell\v1.0\;C:\Program Files (x86)\NVIDIA Corporation\PhysX\Common;C:\Program Files (x86)\Microsoft SQL Server\140\Tools\Binn\;C:\Program Files\Microsoft SQL Server\140\Tools\Binn\;C:\Program Files\Microsoft SQL Server\140\DTS\Binn\;C:\Program Files\Microsoft SQL Server\120\Tools\Binn\;C:\Program Files (x86)\GitExtensions\;C:\WINDOWS\system32;C:\WINDOWS;C:\WINDOWS\System32\Wbem;C:\WINDOWS\System32\WindowsPowerShell\v1.0\;C:\WINDOWS\System32\OpenSSH\;C:\Users\Andrew\AppData\Local\Microsoft\WindowsApps;C:\Users\Andrew\AppData\Roaming\npm;C:\Users\Andrew\AppData\Local\atom\bin;C:\Program Files (x86)\Microsoft VS Code\bin;C:\Users\Andrew\AppData\Local\Android\sdk\platform-tools;;C:\Users\Andrew\AppData\Local\Programs\Fiddler;%USERPROFILE%\AppData\Local\Microsoft\WindowsApps
USERNAME=Andrew
OS=Windows_NT
PROCESSOR_IDENTIFIER=Intel64 Family 6 Model 94 Stepping 3, GenuineIntel



---------------  S Y S T E M  ---------------

OS: Windows 10.0 , 64 bit Build 17134 (10.0.17134.1)

CPU:total 8 (4 cores per cpu, 2 threads per core) family 6 model 94 stepping 3, cmov, cx8, fxsr, mmx, sse, sse2, sse3, ssse3, sse4.1, sse4.2, popcnt, avx, avx2, aes, clmul, erms, rtm, 3dnowpref, lzcnt, ht, tsc, tscinvbit, bmi1, bmi2, adx

Memory: 4k page, physical 8248540k(195072k free), swap 12442844k(7696k free)

vm_info: Java HotSpot(TM) 64-Bit Server VM (25.121-b13) for windows-amd64 JRE (1.8.0_121-b13), built on Dec 12 2016 18:21:36 by "java_re" with MS VC++ 10.0 (VS2010)

time: Fri May 25 17:07:43 2018
elapsed time: 3 seconds (0d 0h 0m 3s)

